<?xml version="1.0" encoding="UTF-8"?>
<testng-results ignored="0" total="1" passed="1" failed="0" skipped="0">
  <reporter-output>
  </reporter-output>
  <suite started-at="2023-03-30T22:07:30 IST" name="Default suite" finished-at="2023-03-30T22:07:30 IST" duration-ms="68">
    <groups>
    </groups>
    <test started-at="2023-03-30T22:07:30 IST" name="Default test" finished-at="2023-03-30T22:07:30 IST" duration-ms="68">
      <class name="practice.Readdatafromcmd">
        <test-method signature="readdata()[pri:0, instance:practice.Readdatafromcmd@1dde4cb2]" started-at="2023-03-30T22:07:30 IST" name="readdata" finished-at="2023-03-30T22:07:30 IST" duration-ms="10" status="PASS">
          <reporter-output>
          </reporter-output>
        </test-method> <!-- readdata -->
      </class> <!-- practice.Readdatafromcmd -->
    </test> <!-- Default test -->
  </suite> <!-- Default suite -->
</testng-results>
