<?xml version="1.0" encoding="UTF-8"?>
<testng-results ignored="0" total="2" passed="2" failed="0" skipped="0">
  <reporter-output>
  </reporter-output>
  <suite started-at="2023-04-10T15:47:27 IST" name="Default suite" finished-at="2023-04-10T15:47:27 IST" duration-ms="87">
    <groups>
    </groups>
    <test started-at="2023-04-10T15:47:27 IST" name="Default test" finished-at="2023-04-10T15:47:27 IST" duration-ms="87">
      <class name="practice.TestNGPractice">
        <test-method signature="sample()[pri:0, instance:practice.TestNGPractice@7714e963]" started-at="2023-04-10T15:47:27 IST" name="sample" finished-at="2023-04-10T15:47:27 IST" duration-ms="14" status="PASS">
          <reporter-output>
          </reporter-output>
        </test-method> <!-- sample -->
        <test-method signature="sampletestscript()[pri:0, instance:practice.TestNGPractice@7714e963]" started-at="2023-04-10T15:47:27 IST" name="sampletestscript" finished-at="2023-04-10T15:47:27 IST" duration-ms="5" status="PASS">
          <reporter-output>
          </reporter-output>
        </test-method> <!-- sampletestscript -->
      </class> <!-- practice.TestNGPractice -->
    </test> <!-- Default test -->
  </suite> <!-- Default suite -->
</testng-results>
